<?xml version="1.0" encoding="UTF-8"?>
<!-- Generated by org.testng.reporters.JUnitReportReporter -->
<testsuite hostname="harsh-PC" name="test.YahooNewsTest" tests="1" failures="0" timestamp="3 May 2016 15:00:34 GMT" time="0.007" errors="0">
  <testcase name="testnews" time="0.007" classname="test.YahooNewsTest"/>
</testsuite>
