<?xml version="1.0" encoding="UTF-8"?>
<!-- Generated by org.testng.reporters.JUnitReportReporter -->
<testsuite hostname="harsh-PC" name="testcases.Regtest" tests="2" failures="0" timestamp="20 Apr 2016 17:33:02 GMT" time="0.029" errors="0">
  <testcase name="doRegister" time="0.025" classname="testcases.Regtest"/>
  <testcase name="doRegister" time="0.004" classname="testcases.Regtest"/>
</testsuite> <!-- testcases.Regtest -->
