<?xml version="1.0" encoding="UTF-8"?>
<!-- Generated by org.testng.reporters.JUnitReportReporter -->
<testsuite hostname="harsh-PC" name="SampleTest" tests="2" failures="0" timestamp="18 Apr 2016 19:48:28 GMT" time="0.042" errors="0">
  <testcase name="testApp" time="0.037" classname="SampleTest"/>
  <testcase name="testLogin" time="0.005" classname="SampleTest"/>
</testsuite> <!-- SampleTest -->
